C:\USERS\CHRISTOPHER THORNTON\DOCUMENTS\VISUAL STUDIO 2010\PROJECTS\FACEBOOK CHATBOT\FACEBOOK CHATBOT\X64\RELEASE\ACTIONBLACKJACK.OBJ
C:\USERS\CHRISTOPHER THORNTON\DOCUMENTS\VISUAL STUDIO 2010\PROJECTS\FACEBOOK CHATBOT\FACEBOOK CHATBOT\X64\RELEASE\ACTIONDEFS.OBJ
C:\USERS\CHRISTOPHER THORNTON\DOCUMENTS\VISUAL STUDIO 2010\PROJECTS\FACEBOOK CHATBOT\FACEBOOK CHATBOT\X64\RELEASE\BOT.OBJ
C:\USERS\CHRISTOPHER THORNTON\DOCUMENTS\VISUAL STUDIO 2010\PROJECTS\FACEBOOK CHATBOT\FACEBOOK CHATBOT\X64\RELEASE\BOTACTION.OBJ
C:\Users\Christopher Thornton\Documents\Visual Studio 2010\Projects\Facebook Chatbot\Facebook Chatbot\x64\Release\CL.1936.read.1.tlog
C:\Users\Christopher Thornton\Documents\Visual Studio 2010\Projects\Facebook Chatbot\Facebook Chatbot\x64\Release\CL.1936.write.1.tlog
C:\Users\Christopher Thornton\Documents\Visual Studio 2010\Projects\Facebook Chatbot\Facebook Chatbot\x64\Release\CL.2556.read.1.tlog
C:\Users\Christopher Thornton\Documents\Visual Studio 2010\Projects\Facebook Chatbot\Facebook Chatbot\x64\Release\CL.2556.write.1.tlog
C:\Users\Christopher Thornton\Documents\Visual Studio 2010\Projects\Facebook Chatbot\Facebook Chatbot\x64\Release\CL.3236.read.1.tlog
C:\Users\Christopher Thornton\Documents\Visual Studio 2010\Projects\Facebook Chatbot\Facebook Chatbot\x64\Release\CL.3236.write.1.tlog
C:\Users\Christopher Thornton\Documents\Visual Studio 2010\Projects\Facebook Chatbot\Facebook Chatbot\x64\Release\CL.3556.read.1.tlog
C:\Users\Christopher Thornton\Documents\Visual Studio 2010\Projects\Facebook Chatbot\Facebook Chatbot\x64\Release\CL.3556.write.1.tlog
C:\Users\Christopher Thornton\Documents\Visual Studio 2010\Projects\Facebook Chatbot\Facebook Chatbot\x64\Release\CL.3656.read.1.tlog
C:\Users\Christopher Thornton\Documents\Visual Studio 2010\Projects\Facebook Chatbot\Facebook Chatbot\x64\Release\CL.3656.write.1.tlog
C:\Users\Christopher Thornton\Documents\Visual Studio 2010\Projects\Facebook Chatbot\Facebook Chatbot\x64\Release\CL.4188.read.1.tlog
C:\Users\Christopher Thornton\Documents\Visual Studio 2010\Projects\Facebook Chatbot\Facebook Chatbot\x64\Release\CL.4188.write.1.tlog
C:\Users\Christopher Thornton\Documents\Visual Studio 2010\Projects\Facebook Chatbot\Facebook Chatbot\x64\Release\CL.4208.read.1.tlog
C:\Users\Christopher Thornton\Documents\Visual Studio 2010\Projects\Facebook Chatbot\Facebook Chatbot\x64\Release\CL.4208.write.1.tlog
C:\Users\Christopher Thornton\Documents\Visual Studio 2010\Projects\Facebook Chatbot\Facebook Chatbot\x64\Release\CL.5068.read.1.tlog
C:\Users\Christopher Thornton\Documents\Visual Studio 2010\Projects\Facebook Chatbot\Facebook Chatbot\x64\Release\CL.5068.write.1.tlog
C:\Users\Christopher Thornton\Documents\Visual Studio 2010\Projects\Facebook Chatbot\Facebook Chatbot\x64\Release\CL.5100.read.1.tlog
C:\Users\Christopher Thornton\Documents\Visual Studio 2010\Projects\Facebook Chatbot\Facebook Chatbot\x64\Release\CL.5100.write.1.tlog
C:\Users\Christopher Thornton\Documents\Visual Studio 2010\Projects\Facebook Chatbot\Facebook Chatbot\x64\Release\CL.5272.read.1.tlog
C:\Users\Christopher Thornton\Documents\Visual Studio 2010\Projects\Facebook Chatbot\Facebook Chatbot\x64\Release\CL.5272.write.1.tlog
C:\Users\Christopher Thornton\Documents\Visual Studio 2010\Projects\Facebook Chatbot\Facebook Chatbot\x64\Release\CL.5356.read.1.tlog
C:\Users\Christopher Thornton\Documents\Visual Studio 2010\Projects\Facebook Chatbot\Facebook Chatbot\x64\Release\CL.5356.write.1.tlog
C:\Users\Christopher Thornton\Documents\Visual Studio 2010\Projects\Facebook Chatbot\Facebook Chatbot\x64\Release\CL.5468.read.1.tlog
C:\Users\Christopher Thornton\Documents\Visual Studio 2010\Projects\Facebook Chatbot\Facebook Chatbot\x64\Release\CL.5468.write.1.tlog
C:\Users\Christopher Thornton\Documents\Visual Studio 2010\Projects\Facebook Chatbot\Facebook Chatbot\x64\Release\CL.5716.read.1.tlog
C:\Users\Christopher Thornton\Documents\Visual Studio 2010\Projects\Facebook Chatbot\Facebook Chatbot\x64\Release\CL.5716.write.1.tlog
C:\Users\Christopher Thornton\Documents\Visual Studio 2010\Projects\Facebook Chatbot\Facebook Chatbot\x64\Release\CL.5868.read.1.tlog
C:\Users\Christopher Thornton\Documents\Visual Studio 2010\Projects\Facebook Chatbot\Facebook Chatbot\x64\Release\CL.5868.write.1.tlog
C:\Users\Christopher Thornton\Documents\Visual Studio 2010\Projects\Facebook Chatbot\Facebook Chatbot\x64\Release\CL.5888.read.1.tlog
C:\Users\Christopher Thornton\Documents\Visual Studio 2010\Projects\Facebook Chatbot\Facebook Chatbot\x64\Release\CL.5888.write.1.tlog
C:\Users\Christopher Thornton\Documents\Visual Studio 2010\Projects\Facebook Chatbot\Facebook Chatbot\x64\Release\CL.6528.read.1.tlog
C:\Users\Christopher Thornton\Documents\Visual Studio 2010\Projects\Facebook Chatbot\Facebook Chatbot\x64\Release\CL.6528.write.1.tlog
C:\Users\Christopher Thornton\Documents\Visual Studio 2010\Projects\Facebook Chatbot\Facebook Chatbot\x64\Release\cl.command.1.tlog
C:\Users\Christopher Thornton\Documents\Visual Studio 2010\Projects\Facebook Chatbot\Facebook Chatbot\x64\Release\CL.read.1.tlog
C:\Users\Christopher Thornton\Documents\Visual Studio 2010\Projects\Facebook Chatbot\Facebook Chatbot\x64\Release\cl.write.1.tlog
C:\USERS\CHRISTOPHER THORNTON\DOCUMENTS\VISUAL STUDIO 2010\PROJECTS\FACEBOOK CHATBOT\FACEBOOK CHATBOT\X64\RELEASE\FACEBOOK CHATBOT.EXE.INTERMEDIATE.MANIFEST
C:\Users\Christopher Thornton\Documents\Visual Studio 2010\Projects\Facebook Chatbot\Facebook Chatbot\x64\Release\Facebook Chatbot.write.1.tlog
C:\Users\Christopher Thornton\Documents\Visual Studio 2010\Projects\Facebook Chatbot\Facebook Chatbot\x64\Release\Facebook Chatbot64.exe.intermediate.manifest
C:\Users\Christopher Thornton\Documents\Visual Studio 2010\Projects\Facebook Chatbot\Facebook Chatbot\x64\Release\link.command.1.tlog
C:\Users\Christopher Thornton\Documents\Visual Studio 2010\Projects\Facebook Chatbot\Facebook Chatbot\x64\Release\link.read.1.tlog
C:\Users\Christopher Thornton\Documents\Visual Studio 2010\Projects\Facebook Chatbot\Facebook Chatbot\x64\Release\link.write.1.tlog
C:\USERS\CHRISTOPHER THORNTON\DOCUMENTS\VISUAL STUDIO 2010\PROJECTS\FACEBOOK CHATBOT\FACEBOOK CHATBOT\X64\RELEASE\MAIN.OBJ
C:\Users\Christopher Thornton\Documents\Visual Studio 2010\Projects\Facebook Chatbot\Facebook Chatbot\x64\Release\mt.command.1.tlog
C:\Users\Christopher Thornton\Documents\Visual Studio 2010\Projects\Facebook Chatbot\Facebook Chatbot\x64\Release\mt.read.1.tlog
C:\Users\Christopher Thornton\Documents\Visual Studio 2010\Projects\Facebook Chatbot\Facebook Chatbot\x64\Release\mt.write.1.tlog
C:\USERS\CHRISTOPHER THORNTON\DOCUMENTS\VISUAL STUDIO 2010\PROJECTS\FACEBOOK CHATBOT\FACEBOOK CHATBOT\X64\RELEASE\VC100.PDB
C:\USERS\CHRISTOPHER THORNTON\DOCUMENTS\VISUAL STUDIO 2010\PROJECTS\FACEBOOK CHATBOT\X64\RELEASE\FACEBOOK CHATBOT.EXE
C:\Users\Christopher Thornton\Documents\Visual Studio 2010\Projects\Facebook Chatbot\x64\Release\Facebook Chatbot.exp
C:\Users\Christopher Thornton\Documents\Visual Studio 2010\Projects\Facebook Chatbot\x64\Release\Facebook Chatbot.lib
C:\USERS\CHRISTOPHER THORNTON\DOCUMENTS\VISUAL STUDIO 2010\PROJECTS\FACEBOOK CHATBOT\X64\RELEASE\FACEBOOK CHATBOT.PDB
C:\USERS\CHRISTOPHER THORNTON\DOCUMENTS\VISUAL STUDIO 2010\PROJECTS\FACEBOOK CHATBOT\X64\RELEASE\FACEBOOK CHATBOT64.EXE
C:\Users\Christopher Thornton\Documents\Visual Studio 2010\Projects\Facebook Chatbot\x64\Release\Facebook Chatbot64.exp
C:\Users\Christopher Thornton\Documents\Visual Studio 2010\Projects\Facebook Chatbot\x64\Release\Facebook Chatbot64.lib
C:\USERS\USER\DOCUMENTS\VISUAL STUDIO 2010\PROJECTS\FACEBOOK CHATBOT\FACEBOOK CHATBOT\X64\RELEASE\FACEBOOK CHATBOT64.EXE.INTERMEDIATE.MANIFEST
C:\USERS\USER\DOCUMENTS\VISUAL STUDIO 2010\PROJECTS\FACEBOOK CHATBOT\FACEBOOK CHATBOT\X64\RELEASE\VC100.PDB
C:\USERS\USER\DOCUMENTS\VISUAL STUDIO 2010\PROJECTS\FACEBOOK CHATBOT\X64\RELEASE\FACEBOOK CHATBOT64.EXE
C:\Users\User\Documents\Visual Studio 2010\Projects\Facebook Chatbot\x64\Release\Facebook Chatbot64.exp
C:\Users\User\Documents\Visual Studio 2010\Projects\Facebook Chatbot\x64\Release\Facebook Chatbot64.lib
C:\USERS\USER\DOCUMENTS\VISUAL STUDIO 2010\PROJECTS\FACEBOOK CHATBOT\X64\RELEASE\FACEBOOK CHATBOT64.PDB
