C:\USERS\USER\DOCUMENTS\VISUAL STUDIO 2010\PROJECTS\FACEBOOK CHATBOT\FACEBOOK CHATBOT\X64\RELEASE\ACTIONDEFS.OBJ
C:\USERS\USER\DOCUMENTS\VISUAL STUDIO 2010\PROJECTS\FACEBOOK CHATBOT\FACEBOOK CHATBOT\X64\RELEASE\BOT.OBJ
C:\USERS\USER\DOCUMENTS\VISUAL STUDIO 2010\PROJECTS\FACEBOOK CHATBOT\FACEBOOK CHATBOT\X64\RELEASE\BOTACTION.OBJ
C:\Users\User\Documents\Visual Studio 2010\Projects\Facebook Chatbot\Facebook Chatbot\x64\Release\CL.1512.read.1.tlog
C:\Users\User\Documents\Visual Studio 2010\Projects\Facebook Chatbot\Facebook Chatbot\x64\Release\CL.1512.write.1.tlog
C:\Users\User\Documents\Visual Studio 2010\Projects\Facebook Chatbot\Facebook Chatbot\x64\Release\CL.2112.read.1.tlog
C:\Users\User\Documents\Visual Studio 2010\Projects\Facebook Chatbot\Facebook Chatbot\x64\Release\CL.2112.write.1.tlog
C:\Users\User\Documents\Visual Studio 2010\Projects\Facebook Chatbot\Facebook Chatbot\x64\Release\CL.2572.read.1.tlog
C:\Users\User\Documents\Visual Studio 2010\Projects\Facebook Chatbot\Facebook Chatbot\x64\Release\CL.2572.write.1.tlog
C:\Users\User\Documents\Visual Studio 2010\Projects\Facebook Chatbot\Facebook Chatbot\x64\Release\CL.2760.read.1.tlog
C:\Users\User\Documents\Visual Studio 2010\Projects\Facebook Chatbot\Facebook Chatbot\x64\Release\CL.2760.write.1.tlog
C:\Users\User\Documents\Visual Studio 2010\Projects\Facebook Chatbot\Facebook Chatbot\x64\Release\CL.3464.read.1.tlog
C:\Users\User\Documents\Visual Studio 2010\Projects\Facebook Chatbot\Facebook Chatbot\x64\Release\CL.3464.write.1.tlog
C:\Users\User\Documents\Visual Studio 2010\Projects\Facebook Chatbot\Facebook Chatbot\x64\Release\CL.3572.read.1.tlog
C:\Users\User\Documents\Visual Studio 2010\Projects\Facebook Chatbot\Facebook Chatbot\x64\Release\CL.3572.write.1.tlog
C:\Users\User\Documents\Visual Studio 2010\Projects\Facebook Chatbot\Facebook Chatbot\x64\Release\CL.4152.read.1.tlog
C:\Users\User\Documents\Visual Studio 2010\Projects\Facebook Chatbot\Facebook Chatbot\x64\Release\CL.4152.write.1.tlog
C:\Users\User\Documents\Visual Studio 2010\Projects\Facebook Chatbot\Facebook Chatbot\x64\Release\CL.4188.read.1.tlog
C:\Users\User\Documents\Visual Studio 2010\Projects\Facebook Chatbot\Facebook Chatbot\x64\Release\CL.4188.write.1.tlog
C:\Users\User\Documents\Visual Studio 2010\Projects\Facebook Chatbot\Facebook Chatbot\x64\Release\CL.4836.read.1.tlog
C:\Users\User\Documents\Visual Studio 2010\Projects\Facebook Chatbot\Facebook Chatbot\x64\Release\CL.4836.write.1.tlog
C:\Users\User\Documents\Visual Studio 2010\Projects\Facebook Chatbot\Facebook Chatbot\x64\Release\CL.5848.read.1.tlog
C:\Users\User\Documents\Visual Studio 2010\Projects\Facebook Chatbot\Facebook Chatbot\x64\Release\CL.5848.write.1.tlog
C:\Users\User\Documents\Visual Studio 2010\Projects\Facebook Chatbot\Facebook Chatbot\x64\Release\cl.command.1.tlog
C:\Users\User\Documents\Visual Studio 2010\Projects\Facebook Chatbot\Facebook Chatbot\x64\Release\CL.read.1.tlog
C:\Users\User\Documents\Visual Studio 2010\Projects\Facebook Chatbot\Facebook Chatbot\x64\Release\cl.write.1.tlog
C:\Users\User\Documents\Visual Studio 2010\Projects\Facebook Chatbot\Facebook Chatbot\x64\Release\Facebook Chatbot.write.1.tlog
C:\USERS\USER\DOCUMENTS\VISUAL STUDIO 2010\PROJECTS\FACEBOOK CHATBOT\FACEBOOK CHATBOT\X64\RELEASE\FACEBOOK CHATBOT64.EXE.INTERMEDIATE.MANIFEST
C:\Users\User\Documents\Visual Studio 2010\Projects\Facebook Chatbot\Facebook Chatbot\x64\Release\link.command.1.tlog
C:\Users\User\Documents\Visual Studio 2010\Projects\Facebook Chatbot\Facebook Chatbot\x64\Release\link.read.1.tlog
C:\Users\User\Documents\Visual Studio 2010\Projects\Facebook Chatbot\Facebook Chatbot\x64\Release\link.write.1.tlog
C:\USERS\USER\DOCUMENTS\VISUAL STUDIO 2010\PROJECTS\FACEBOOK CHATBOT\FACEBOOK CHATBOT\X64\RELEASE\MAIN.OBJ
C:\Users\User\Documents\Visual Studio 2010\Projects\Facebook Chatbot\Facebook Chatbot\x64\Release\mt.command.1.tlog
C:\Users\User\Documents\Visual Studio 2010\Projects\Facebook Chatbot\Facebook Chatbot\x64\Release\mt.read.1.tlog
C:\Users\User\Documents\Visual Studio 2010\Projects\Facebook Chatbot\Facebook Chatbot\x64\Release\mt.write.1.tlog
C:\USERS\USER\DOCUMENTS\VISUAL STUDIO 2010\PROJECTS\FACEBOOK CHATBOT\FACEBOOK CHATBOT\X64\RELEASE\VC100.PDB
C:\USERS\USER\DOCUMENTS\VISUAL STUDIO 2010\PROJECTS\FACEBOOK CHATBOT\X64\RELEASE\FACEBOOK CHATBOT64.EXE
C:\Users\User\Documents\Visual Studio 2010\Projects\Facebook Chatbot\x64\Release\Facebook Chatbot64.exp
C:\Users\User\Documents\Visual Studio 2010\Projects\Facebook Chatbot\x64\Release\Facebook Chatbot64.lib
C:\USERS\USER\DOCUMENTS\VISUAL STUDIO 2010\PROJECTS\FACEBOOK CHATBOT\X64\RELEASE\FACEBOOK CHATBOT64.PDB
