C:\Users\Christopher Thornton\Documents\Visual Studio 2010\Projects\Facebook Chatbot\Debug\Facebook Chatbot.exe
C:\Users\Christopher Thornton\Documents\Visual Studio 2010\Projects\Facebook Chatbot\Debug\Facebook Chatbot.ilk
C:\Users\Christopher Thornton\Documents\Visual Studio 2010\Projects\Facebook Chatbot\Debug\Facebook Chatbot.pdb
C:\Users\Christopher Thornton\Documents\Visual Studio 2010\Projects\Facebook Chatbot\Facebook Chatbot\Debug\ActionDefs.obj
C:\Users\Christopher Thornton\Documents\Visual Studio 2010\Projects\Facebook Chatbot\Facebook Chatbot\Debug\Bot.obj
C:\Users\Christopher Thornton\Documents\Visual Studio 2010\Projects\Facebook Chatbot\Facebook Chatbot\Debug\cl.command.1.tlog
C:\Users\Christopher Thornton\Documents\Visual Studio 2010\Projects\Facebook Chatbot\Facebook Chatbot\Debug\CL.read.1.tlog
C:\Users\Christopher Thornton\Documents\Visual Studio 2010\Projects\Facebook Chatbot\Facebook Chatbot\Debug\CL.write.1.tlog
C:\Users\Christopher Thornton\Documents\Visual Studio 2010\Projects\Facebook Chatbot\Facebook Chatbot\Debug\Facebook Chatbot.exe.intermediate.manifest
C:\Users\Christopher Thornton\Documents\Visual Studio 2010\Projects\Facebook Chatbot\Facebook Chatbot\Debug\Facebook Chatbot.write.1.tlog
C:\Users\Christopher Thornton\Documents\Visual Studio 2010\Projects\Facebook Chatbot\Facebook Chatbot\Debug\link.command.1.tlog
C:\Users\Christopher Thornton\Documents\Visual Studio 2010\Projects\Facebook Chatbot\Facebook Chatbot\Debug\link.read.1.tlog
C:\Users\Christopher Thornton\Documents\Visual Studio 2010\Projects\Facebook Chatbot\Facebook Chatbot\Debug\link.write.1.tlog
C:\Users\Christopher Thornton\Documents\Visual Studio 2010\Projects\Facebook Chatbot\Facebook Chatbot\Debug\main.obj
C:\Users\Christopher Thornton\Documents\Visual Studio 2010\Projects\Facebook Chatbot\Facebook Chatbot\Debug\mt.command.1.tlog
C:\Users\Christopher Thornton\Documents\Visual Studio 2010\Projects\Facebook Chatbot\Facebook Chatbot\Debug\mt.read.1.tlog
C:\Users\Christopher Thornton\Documents\Visual Studio 2010\Projects\Facebook Chatbot\Facebook Chatbot\Debug\mt.write.1.tlog
C:\Users\Christopher Thornton\Documents\Visual Studio 2010\Projects\Facebook Chatbot\Facebook Chatbot\Debug\vc100.idb
C:\Users\Christopher Thornton\Documents\Visual Studio 2010\Projects\Facebook Chatbot\Facebook Chatbot\Debug\vc100.pdb
C:\USERS\USER\DOCUMENTS\VISUAL STUDIO 2010\PROJECTS\FACEBOOK CHATBOT\DEBUG\FACEBOOK CHATBOT.EXE
C:\Users\User\documents\visual studio 2010\Projects\Facebook Chatbot\Debug\Facebook Chatbot.exp
C:\USERS\USER\DOCUMENTS\VISUAL STUDIO 2010\PROJECTS\FACEBOOK CHATBOT\DEBUG\FACEBOOK CHATBOT.ILK
C:\Users\User\documents\visual studio 2010\Projects\Facebook Chatbot\Debug\Facebook Chatbot.lib
C:\USERS\USER\DOCUMENTS\VISUAL STUDIO 2010\PROJECTS\FACEBOOK CHATBOT\DEBUG\FACEBOOK CHATBOT.PDB
C:\USERS\USER\DOCUMENTS\VISUAL STUDIO 2010\PROJECTS\FACEBOOK CHATBOT\FACEBOOK CHATBOT\DEBUG\ACTIONDEFS.OBJ
C:\USERS\USER\DOCUMENTS\VISUAL STUDIO 2010\PROJECTS\FACEBOOK CHATBOT\FACEBOOK CHATBOT\DEBUG\BOT.OBJ
C:\USERS\USER\DOCUMENTS\VISUAL STUDIO 2010\PROJECTS\FACEBOOK CHATBOT\FACEBOOK CHATBOT\DEBUG\FACEBOOK CHATBOT.EXE.INTERMEDIATE.MANIFEST
C:\USERS\USER\DOCUMENTS\VISUAL STUDIO 2010\PROJECTS\FACEBOOK CHATBOT\FACEBOOK CHATBOT\DEBUG\MAIN.OBJ
C:\USERS\USER\DOCUMENTS\VISUAL STUDIO 2010\PROJECTS\FACEBOOK CHATBOT\FACEBOOK CHATBOT\DEBUG\VC100.PDB
