C:\USERS\CHRISTOPHER THORNTON\DOCUMENTS\VISUAL STUDIO 2010\PROJECTS\FACEBOOK CHATBOT\FACEBOOK CHATBOT\X64\DEBUG\ACTIONBLACKJACK.OBJ
C:\USERS\CHRISTOPHER THORNTON\DOCUMENTS\VISUAL STUDIO 2010\PROJECTS\FACEBOOK CHATBOT\FACEBOOK CHATBOT\X64\DEBUG\ACTIONDEFS.OBJ
C:\USERS\CHRISTOPHER THORNTON\DOCUMENTS\VISUAL STUDIO 2010\PROJECTS\FACEBOOK CHATBOT\FACEBOOK CHATBOT\X64\DEBUG\BOT.OBJ
C:\USERS\CHRISTOPHER THORNTON\DOCUMENTS\VISUAL STUDIO 2010\PROJECTS\FACEBOOK CHATBOT\FACEBOOK CHATBOT\X64\DEBUG\BOTACTION.OBJ
C:\Users\Christopher Thornton\Documents\Visual Studio 2010\Projects\Facebook Chatbot\Facebook Chatbot\x64\Debug\cl.command.1.tlog
C:\Users\Christopher Thornton\Documents\Visual Studio 2010\Projects\Facebook Chatbot\Facebook Chatbot\x64\Debug\CL.read.1.tlog
C:\Users\Christopher Thornton\Documents\Visual Studio 2010\Projects\Facebook Chatbot\Facebook Chatbot\x64\Debug\CL.write.1.tlog
C:\Users\Christopher Thornton\Documents\Visual Studio 2010\Projects\Facebook Chatbot\Facebook Chatbot\x64\Debug\Facebook Chatbot.exe.intermediate.manifest
C:\Users\Christopher Thornton\Documents\Visual Studio 2010\Projects\Facebook Chatbot\Facebook Chatbot\x64\Debug\Facebook Chatbot.write.1.tlog
C:\USERS\CHRISTOPHER THORNTON\DOCUMENTS\VISUAL STUDIO 2010\PROJECTS\FACEBOOK CHATBOT\FACEBOOK CHATBOT\X64\DEBUG\FACEBOOK CHATBOT64.EXE.INTERMEDIATE.MANIFEST
C:\Users\Christopher Thornton\Documents\Visual Studio 2010\Projects\Facebook Chatbot\Facebook Chatbot\x64\Debug\link.command.1.tlog
C:\Users\Christopher Thornton\Documents\Visual Studio 2010\Projects\Facebook Chatbot\Facebook Chatbot\x64\Debug\link.read.1.tlog
C:\Users\Christopher Thornton\Documents\Visual Studio 2010\Projects\Facebook Chatbot\Facebook Chatbot\x64\Debug\link.write.1.tlog
C:\USERS\CHRISTOPHER THORNTON\DOCUMENTS\VISUAL STUDIO 2010\PROJECTS\FACEBOOK CHATBOT\FACEBOOK CHATBOT\X64\DEBUG\MAIN.OBJ
C:\Users\Christopher Thornton\Documents\Visual Studio 2010\Projects\Facebook Chatbot\Facebook Chatbot\x64\Debug\mt.command.1.tlog
C:\Users\Christopher Thornton\Documents\Visual Studio 2010\Projects\Facebook Chatbot\Facebook Chatbot\x64\Debug\mt.read.1.tlog
C:\Users\Christopher Thornton\Documents\Visual Studio 2010\Projects\Facebook Chatbot\Facebook Chatbot\x64\Debug\mt.write.1.tlog
C:\Users\Christopher Thornton\Documents\Visual Studio 2010\Projects\Facebook Chatbot\Facebook Chatbot\x64\Debug\vc100.idb
C:\USERS\CHRISTOPHER THORNTON\DOCUMENTS\VISUAL STUDIO 2010\PROJECTS\FACEBOOK CHATBOT\FACEBOOK CHATBOT\X64\DEBUG\VC100.PDB
C:\Users\Christopher Thornton\Documents\Visual Studio 2010\Projects\Facebook Chatbot\x64\Debug\Facebook Chatbot.pdb
C:\USERS\CHRISTOPHER THORNTON\DOCUMENTS\VISUAL STUDIO 2010\PROJECTS\FACEBOOK CHATBOT\X64\DEBUG\FACEBOOK CHATBOT64.EXE
C:\Users\Christopher Thornton\Documents\Visual Studio 2010\Projects\Facebook Chatbot\x64\Debug\Facebook Chatbot64.exp
C:\USERS\CHRISTOPHER THORNTON\DOCUMENTS\VISUAL STUDIO 2010\PROJECTS\FACEBOOK CHATBOT\X64\DEBUG\FACEBOOK CHATBOT64.ILK
C:\Users\Christopher Thornton\Documents\Visual Studio 2010\Projects\Facebook Chatbot\x64\Debug\Facebook Chatbot64.lib
C:\USERS\CHRISTOPHER THORNTON\DOCUMENTS\VISUAL STUDIO 2010\PROJECTS\FACEBOOK CHATBOT\X64\DEBUG\FACEBOOK CHATBOT64.PDB
C:\USERS\USER\DOCUMENTS\VISUAL STUDIO 2010\PROJECTS\FACEBOOK CHATBOT\FACEBOOK CHATBOT\X64\DEBUG\ACTIONDEFS.OBJ
C:\USERS\USER\DOCUMENTS\VISUAL STUDIO 2010\PROJECTS\FACEBOOK CHATBOT\FACEBOOK CHATBOT\X64\DEBUG\BOT.OBJ
C:\USERS\USER\DOCUMENTS\VISUAL STUDIO 2010\PROJECTS\FACEBOOK CHATBOT\FACEBOOK CHATBOT\X64\DEBUG\BOTACTION.OBJ
C:\USERS\USER\DOCUMENTS\VISUAL STUDIO 2010\PROJECTS\FACEBOOK CHATBOT\FACEBOOK CHATBOT\X64\DEBUG\FACEBOOK CHATBOT64.EXE.INTERMEDIATE.MANIFEST
C:\USERS\USER\DOCUMENTS\VISUAL STUDIO 2010\PROJECTS\FACEBOOK CHATBOT\FACEBOOK CHATBOT\X64\DEBUG\MAIN.OBJ
C:\USERS\USER\DOCUMENTS\VISUAL STUDIO 2010\PROJECTS\FACEBOOK CHATBOT\FACEBOOK CHATBOT\X64\DEBUG\VC100.PDB
C:\USERS\USER\DOCUMENTS\VISUAL STUDIO 2010\PROJECTS\FACEBOOK CHATBOT\X64\DEBUG\FACEBOOK CHATBOT64.EXE
C:\Users\User\documents\visual studio 2010\Projects\Facebook Chatbot\x64\Debug\Facebook Chatbot64.exp
C:\USERS\USER\DOCUMENTS\VISUAL STUDIO 2010\PROJECTS\FACEBOOK CHATBOT\X64\DEBUG\FACEBOOK CHATBOT64.ILK
C:\Users\User\documents\visual studio 2010\Projects\Facebook Chatbot\x64\Debug\Facebook Chatbot64.lib
C:\USERS\USER\DOCUMENTS\VISUAL STUDIO 2010\PROJECTS\FACEBOOK CHATBOT\X64\DEBUG\FACEBOOK CHATBOT64.PDB
