C:\USERS\CHRISTOPHER THORNTON\DOCUMENTS\VISUAL STUDIO 2010\PROJECTS\FACEBOOK CHATBOT\FACEBOOK CHATBOT\RELEASE\ACTIONBLACKJACK.OBJ
C:\USERS\CHRISTOPHER THORNTON\DOCUMENTS\VISUAL STUDIO 2010\PROJECTS\FACEBOOK CHATBOT\FACEBOOK CHATBOT\RELEASE\ACTIONDEFS.OBJ
C:\USERS\CHRISTOPHER THORNTON\DOCUMENTS\VISUAL STUDIO 2010\PROJECTS\FACEBOOK CHATBOT\FACEBOOK CHATBOT\RELEASE\BOT.OBJ
C:\USERS\CHRISTOPHER THORNTON\DOCUMENTS\VISUAL STUDIO 2010\PROJECTS\FACEBOOK CHATBOT\FACEBOOK CHATBOT\RELEASE\BOTACTION.OBJ
C:\Users\Christopher Thornton\Documents\Visual Studio 2010\Projects\Facebook Chatbot\Facebook Chatbot\Release\CL.1028.read.1.tlog
C:\Users\Christopher Thornton\Documents\Visual Studio 2010\Projects\Facebook Chatbot\Facebook Chatbot\Release\CL.1028.write.1.tlog
C:\Users\Christopher Thornton\Documents\Visual Studio 2010\Projects\Facebook Chatbot\Facebook Chatbot\Release\CL.1344.read.1.tlog
C:\Users\Christopher Thornton\Documents\Visual Studio 2010\Projects\Facebook Chatbot\Facebook Chatbot\Release\CL.1344.write.1.tlog
C:\Users\Christopher Thornton\Documents\Visual Studio 2010\Projects\Facebook Chatbot\Facebook Chatbot\Release\CL.172.read.1.tlog
C:\Users\Christopher Thornton\Documents\Visual Studio 2010\Projects\Facebook Chatbot\Facebook Chatbot\Release\CL.172.write.1.tlog
C:\Users\Christopher Thornton\Documents\Visual Studio 2010\Projects\Facebook Chatbot\Facebook Chatbot\Release\CL.1784.read.1.tlog
C:\Users\Christopher Thornton\Documents\Visual Studio 2010\Projects\Facebook Chatbot\Facebook Chatbot\Release\CL.1784.write.1.tlog
C:\Users\Christopher Thornton\Documents\Visual Studio 2010\Projects\Facebook Chatbot\Facebook Chatbot\Release\CL.2356.read.1.tlog
C:\Users\Christopher Thornton\Documents\Visual Studio 2010\Projects\Facebook Chatbot\Facebook Chatbot\Release\CL.2356.write.1.tlog
C:\Users\Christopher Thornton\Documents\Visual Studio 2010\Projects\Facebook Chatbot\Facebook Chatbot\Release\CL.2620.read.1.tlog
C:\Users\Christopher Thornton\Documents\Visual Studio 2010\Projects\Facebook Chatbot\Facebook Chatbot\Release\CL.2620.write.1.tlog
C:\Users\Christopher Thornton\Documents\Visual Studio 2010\Projects\Facebook Chatbot\Facebook Chatbot\Release\CL.2880.read.1.tlog
C:\Users\Christopher Thornton\Documents\Visual Studio 2010\Projects\Facebook Chatbot\Facebook Chatbot\Release\CL.2880.write.1.tlog
C:\Users\Christopher Thornton\Documents\Visual Studio 2010\Projects\Facebook Chatbot\Facebook Chatbot\Release\CL.3452.read.1.tlog
C:\Users\Christopher Thornton\Documents\Visual Studio 2010\Projects\Facebook Chatbot\Facebook Chatbot\Release\CL.3452.write.1.tlog
C:\Users\Christopher Thornton\Documents\Visual Studio 2010\Projects\Facebook Chatbot\Facebook Chatbot\Release\CL.3776.read.1.tlog
C:\Users\Christopher Thornton\Documents\Visual Studio 2010\Projects\Facebook Chatbot\Facebook Chatbot\Release\CL.3776.write.1.tlog
C:\Users\Christopher Thornton\Documents\Visual Studio 2010\Projects\Facebook Chatbot\Facebook Chatbot\Release\CL.3808.read.1.tlog
C:\Users\Christopher Thornton\Documents\Visual Studio 2010\Projects\Facebook Chatbot\Facebook Chatbot\Release\CL.3808.write.1.tlog
C:\Users\Christopher Thornton\Documents\Visual Studio 2010\Projects\Facebook Chatbot\Facebook Chatbot\Release\CL.3956.read.1.tlog
C:\Users\Christopher Thornton\Documents\Visual Studio 2010\Projects\Facebook Chatbot\Facebook Chatbot\Release\CL.3956.write.1.tlog
C:\Users\Christopher Thornton\Documents\Visual Studio 2010\Projects\Facebook Chatbot\Facebook Chatbot\Release\CL.4068.read.1.tlog
C:\Users\Christopher Thornton\Documents\Visual Studio 2010\Projects\Facebook Chatbot\Facebook Chatbot\Release\CL.4068.write.1.tlog
C:\Users\Christopher Thornton\Documents\Visual Studio 2010\Projects\Facebook Chatbot\Facebook Chatbot\Release\CL.4072.read.1.tlog
C:\Users\Christopher Thornton\Documents\Visual Studio 2010\Projects\Facebook Chatbot\Facebook Chatbot\Release\CL.4072.write.1.tlog
C:\Users\Christopher Thornton\Documents\Visual Studio 2010\Projects\Facebook Chatbot\Facebook Chatbot\Release\CL.4320.read.1.tlog
C:\Users\Christopher Thornton\Documents\Visual Studio 2010\Projects\Facebook Chatbot\Facebook Chatbot\Release\CL.4320.write.1.tlog
C:\Users\Christopher Thornton\Documents\Visual Studio 2010\Projects\Facebook Chatbot\Facebook Chatbot\Release\CL.4496.read.1.tlog
C:\Users\Christopher Thornton\Documents\Visual Studio 2010\Projects\Facebook Chatbot\Facebook Chatbot\Release\CL.4496.write.1.tlog
C:\Users\Christopher Thornton\Documents\Visual Studio 2010\Projects\Facebook Chatbot\Facebook Chatbot\Release\CL.4624.read.1.tlog
C:\Users\Christopher Thornton\Documents\Visual Studio 2010\Projects\Facebook Chatbot\Facebook Chatbot\Release\CL.4624.write.1.tlog
C:\Users\Christopher Thornton\Documents\Visual Studio 2010\Projects\Facebook Chatbot\Facebook Chatbot\Release\CL.4668.read.1.tlog
C:\Users\Christopher Thornton\Documents\Visual Studio 2010\Projects\Facebook Chatbot\Facebook Chatbot\Release\CL.4668.write.1.tlog
C:\Users\Christopher Thornton\Documents\Visual Studio 2010\Projects\Facebook Chatbot\Facebook Chatbot\Release\CL.4700.read.1.tlog
C:\Users\Christopher Thornton\Documents\Visual Studio 2010\Projects\Facebook Chatbot\Facebook Chatbot\Release\CL.4700.write.1.tlog
C:\Users\Christopher Thornton\Documents\Visual Studio 2010\Projects\Facebook Chatbot\Facebook Chatbot\Release\CL.4708.read.1.tlog
C:\Users\Christopher Thornton\Documents\Visual Studio 2010\Projects\Facebook Chatbot\Facebook Chatbot\Release\CL.4708.write.1.tlog
C:\Users\Christopher Thornton\Documents\Visual Studio 2010\Projects\Facebook Chatbot\Facebook Chatbot\Release\CL.4796.read.1.tlog
C:\Users\Christopher Thornton\Documents\Visual Studio 2010\Projects\Facebook Chatbot\Facebook Chatbot\Release\CL.4796.write.1.tlog
C:\Users\Christopher Thornton\Documents\Visual Studio 2010\Projects\Facebook Chatbot\Facebook Chatbot\Release\CL.4888.read.1.tlog
C:\Users\Christopher Thornton\Documents\Visual Studio 2010\Projects\Facebook Chatbot\Facebook Chatbot\Release\CL.4888.write.1.tlog
C:\Users\Christopher Thornton\Documents\Visual Studio 2010\Projects\Facebook Chatbot\Facebook Chatbot\Release\CL.4960.read.1.tlog
C:\Users\Christopher Thornton\Documents\Visual Studio 2010\Projects\Facebook Chatbot\Facebook Chatbot\Release\CL.4960.write.1.tlog
C:\Users\Christopher Thornton\Documents\Visual Studio 2010\Projects\Facebook Chatbot\Facebook Chatbot\Release\CL.5112.read.1.tlog
C:\Users\Christopher Thornton\Documents\Visual Studio 2010\Projects\Facebook Chatbot\Facebook Chatbot\Release\CL.5112.write.1.tlog
C:\Users\Christopher Thornton\Documents\Visual Studio 2010\Projects\Facebook Chatbot\Facebook Chatbot\Release\CL.5200.read.1.tlog
C:\Users\Christopher Thornton\Documents\Visual Studio 2010\Projects\Facebook Chatbot\Facebook Chatbot\Release\CL.5200.write.1.tlog
C:\Users\Christopher Thornton\Documents\Visual Studio 2010\Projects\Facebook Chatbot\Facebook Chatbot\Release\CL.5528.read.1.tlog
C:\Users\Christopher Thornton\Documents\Visual Studio 2010\Projects\Facebook Chatbot\Facebook Chatbot\Release\CL.5528.write.1.tlog
C:\Users\Christopher Thornton\Documents\Visual Studio 2010\Projects\Facebook Chatbot\Facebook Chatbot\Release\CL.5620.read.1.tlog
C:\Users\Christopher Thornton\Documents\Visual Studio 2010\Projects\Facebook Chatbot\Facebook Chatbot\Release\CL.5620.write.1.tlog
C:\Users\Christopher Thornton\Documents\Visual Studio 2010\Projects\Facebook Chatbot\Facebook Chatbot\Release\CL.5800.read.1.tlog
C:\Users\Christopher Thornton\Documents\Visual Studio 2010\Projects\Facebook Chatbot\Facebook Chatbot\Release\CL.5800.write.1.tlog
C:\Users\Christopher Thornton\Documents\Visual Studio 2010\Projects\Facebook Chatbot\Facebook Chatbot\Release\CL.6076.read.1.tlog
C:\Users\Christopher Thornton\Documents\Visual Studio 2010\Projects\Facebook Chatbot\Facebook Chatbot\Release\CL.6076.write.1.tlog
C:\Users\Christopher Thornton\Documents\Visual Studio 2010\Projects\Facebook Chatbot\Facebook Chatbot\Release\CL.6092.read.1.tlog
C:\Users\Christopher Thornton\Documents\Visual Studio 2010\Projects\Facebook Chatbot\Facebook Chatbot\Release\CL.6092.write.1.tlog
C:\Users\Christopher Thornton\Documents\Visual Studio 2010\Projects\Facebook Chatbot\Facebook Chatbot\Release\CL.680.read.1.tlog
C:\Users\Christopher Thornton\Documents\Visual Studio 2010\Projects\Facebook Chatbot\Facebook Chatbot\Release\CL.680.write.1.tlog
C:\Users\Christopher Thornton\Documents\Visual Studio 2010\Projects\Facebook Chatbot\Facebook Chatbot\Release\cl.command.1.tlog
C:\Users\Christopher Thornton\Documents\Visual Studio 2010\Projects\Facebook Chatbot\Facebook Chatbot\Release\CL.read.1.tlog
C:\Users\Christopher Thornton\Documents\Visual Studio 2010\Projects\Facebook Chatbot\Facebook Chatbot\Release\cl.write.1.tlog
C:\USERS\CHRISTOPHER THORNTON\DOCUMENTS\VISUAL STUDIO 2010\PROJECTS\FACEBOOK CHATBOT\FACEBOOK CHATBOT\RELEASE\FACEBOOK CHATBOT.EXE.INTERMEDIATE.MANIFEST
C:\Users\Christopher Thornton\Documents\Visual Studio 2010\Projects\Facebook Chatbot\Facebook Chatbot\Release\Facebook Chatbot.write.1.tlog
C:\Users\Christopher Thornton\Documents\Visual Studio 2010\Projects\Facebook Chatbot\Facebook Chatbot\Release\link.command.1.tlog
C:\Users\Christopher Thornton\Documents\Visual Studio 2010\Projects\Facebook Chatbot\Facebook Chatbot\Release\link.read.1.tlog
C:\Users\Christopher Thornton\Documents\Visual Studio 2010\Projects\Facebook Chatbot\Facebook Chatbot\Release\link.write.1.tlog
C:\USERS\CHRISTOPHER THORNTON\DOCUMENTS\VISUAL STUDIO 2010\PROJECTS\FACEBOOK CHATBOT\FACEBOOK CHATBOT\RELEASE\MAIN.OBJ
C:\Users\Christopher Thornton\Documents\Visual Studio 2010\Projects\Facebook Chatbot\Facebook Chatbot\Release\mt.command.1.tlog
C:\Users\Christopher Thornton\Documents\Visual Studio 2010\Projects\Facebook Chatbot\Facebook Chatbot\Release\mt.read.1.tlog
C:\Users\Christopher Thornton\Documents\Visual Studio 2010\Projects\Facebook Chatbot\Facebook Chatbot\Release\mt.write.1.tlog
C:\Users\Christopher Thornton\Documents\Visual Studio 2010\Projects\Facebook Chatbot\Facebook Chatbot\Release\ResolveAssemblyReference.cache
C:\USERS\CHRISTOPHER THORNTON\DOCUMENTS\VISUAL STUDIO 2010\PROJECTS\FACEBOOK CHATBOT\FACEBOOK CHATBOT\RELEASE\VC100.PDB
C:\USERS\CHRISTOPHER THORNTON\DOCUMENTS\VISUAL STUDIO 2010\PROJECTS\FACEBOOK CHATBOT\RELEASE\FACEBOOK CHATBOT.EXE
C:\Users\Christopher Thornton\Documents\Visual Studio 2010\Projects\Facebook Chatbot\Release\Facebook Chatbot.exp
C:\Users\Christopher Thornton\Documents\Visual Studio 2010\Projects\Facebook Chatbot\Release\Facebook Chatbot.lib
C:\USERS\CHRISTOPHER THORNTON\DOCUMENTS\VISUAL STUDIO 2010\PROJECTS\FACEBOOK CHATBOT\RELEASE\FACEBOOK CHATBOT.PDB
C:\USERS\USER\DOCUMENTS\VISUAL STUDIO 2010\PROJECTS\FACEBOOK CHATBOT\FACEBOOK CHATBOT\RELEASE\ACTIONDEFS.OBJ
C:\USERS\USER\DOCUMENTS\VISUAL STUDIO 2010\PROJECTS\FACEBOOK CHATBOT\FACEBOOK CHATBOT\RELEASE\BOT.OBJ
C:\USERS\USER\DOCUMENTS\VISUAL STUDIO 2010\PROJECTS\FACEBOOK CHATBOT\FACEBOOK CHATBOT\RELEASE\BOTACTION.OBJ
C:\USERS\USER\DOCUMENTS\VISUAL STUDIO 2010\PROJECTS\FACEBOOK CHATBOT\FACEBOOK CHATBOT\RELEASE\FACEBOOK CHATBOT.EXE.INTERMEDIATE.MANIFEST
C:\USERS\USER\DOCUMENTS\VISUAL STUDIO 2010\PROJECTS\FACEBOOK CHATBOT\FACEBOOK CHATBOT\RELEASE\MAIN.OBJ
C:\USERS\USER\DOCUMENTS\VISUAL STUDIO 2010\PROJECTS\FACEBOOK CHATBOT\FACEBOOK CHATBOT\RELEASE\VC100.PDB
C:\USERS\USER\DOCUMENTS\VISUAL STUDIO 2010\PROJECTS\FACEBOOK CHATBOT\RELEASE\FACEBOOK CHATBOT.EXE
C:\Users\User\Documents\Visual Studio 2010\Projects\Facebook Chatbot\Release\Facebook Chatbot.exp
C:\Users\User\Documents\Visual Studio 2010\Projects\Facebook Chatbot\Release\Facebook Chatbot.lib
C:\USERS\USER\DOCUMENTS\VISUAL STUDIO 2010\PROJECTS\FACEBOOK CHATBOT\RELEASE\FACEBOOK CHATBOT.PDB
